[   232.946] (--) Log file renamed from "/home/osboxes/.local/share/xorg/Xorg.pid-1667.log" to "/home/osboxes/.local/share/xorg/Xorg.0.log"
[   232.952] 
X.Org X Server 1.20.1
X Protocol Version 11, Revision 0
[   232.952] Build Operating System: Linux 4.4.0-138-generic x86_64 Ubuntu
[   232.952] Current Operating System: Linux osboxes 4.18.0-14-generic #15-Ubuntu SMP Mon Jan 14 09:01:02 UTC 2019 x86_64
[   232.952] Kernel command line: BOOT_IMAGE=/vmlinuz-4.18.0-14-generic root=UUID=5f85d8b7-0ab2-48c9-9e6e-4ecfbcbdaa83 ro quiet splash
[   232.952] Build Date: 25 October 2018  02:53:34PM
[   232.952] xorg-server 2:1.20.1-3ubuntu2.1 (For technical support please see http://www.ubuntu.com/support) 
[   232.952] Current version of pixman: 0.34.0
[   232.952] 	Before reporting problems, check http://wiki.x.org
	to make sure that you have the latest version.
[   232.952] Markers: (--) probed, (**) from config file, (==) default setting,
	(++) from command line, (!!) notice, (II) informational,
	(WW) warning, (EE) error, (NI) not implemented, (??) unknown.
[   232.952] (==) Log file: "/home/osboxes/.local/share/xorg/Xorg.0.log", Time: Wed Feb  6 13:50:18 2019
[   232.976] (==) Using system config directory "/usr/share/X11/xorg.conf.d"
[   232.983] (==) No Layout section.  Using the first Screen section.
[   232.983] (==) No screen section available. Using defaults.
[   232.983] (**) |-->Screen "Default Screen Section" (0)
[   232.983] (**) |   |-->Monitor "<default monitor>"
[   232.991] (==) No monitor specified for screen "Default Screen Section".
	Using a default monitor configuration.
[   232.991] (==) Automatically adding devices
[   232.991] (==) Automatically enabling devices
[   232.991] (==) Automatically adding GPU devices
[   232.991] (==) Automatically binding GPU devices
[   232.991] (==) Max clients allowed: 256, resource mask: 0x1fffff
[   232.991] (WW) The directory "/usr/share/fonts/X11/cyrillic" does not exist.
[   232.991] 	Entry deleted from font path.
[   232.991] (WW) The directory "/usr/share/fonts/X11/100dpi/" does not exist.
[   232.991] 	Entry deleted from font path.
[   232.991] (WW) The directory "/usr/share/fonts/X11/75dpi/" does not exist.
[   232.991] 	Entry deleted from font path.
[   232.991] (WW) The directory "/usr/share/fonts/X11/100dpi" does not exist.
[   232.991] 	Entry deleted from font path.
[   232.991] (WW) The directory "/usr/share/fonts/X11/75dpi" does not exist.
[   232.991] 	Entry deleted from font path.
[   232.991] (==) FontPath set to:
	/usr/share/fonts/X11/misc,
	/usr/share/fonts/X11/Type1,
	built-ins
[   232.991] (==) ModulePath set to "/usr/lib/xorg/modules"
[   232.991] (II) The server relies on udev to provide the list of input devices.
	If no devices become available, reconfigure udev or disable AutoAddDevices.
[   232.991] (II) Loader magic: 0x555adfae8020
[   232.991] (II) Module ABI versions:
[   232.991] 	X.Org ANSI C Emulation: 0.4
[   232.991] 	X.Org Video Driver: 24.0
[   232.991] 	X.Org XInput driver : 24.1
[   232.991] 	X.Org Server Extension : 10.0
[   232.993] (++) using VT number 2

[   233.005] (II) systemd-logind: took control of session /org/freedesktop/login1/session/_32
[   233.010] (II) xfree86: Adding drm device (/dev/dri/card0)
[   233.016] (II) systemd-logind: got fd for /dev/dri/card0 226:0 fd 12 paused 0
[   233.030] (--) PCI:*(0@0:2:0) 15ad:0405:15ad:0405 rev 0, Mem @ 0xf0000000/134217728, 0xf8000000/2097152, I/O @ 0x0000d010/16, BIOS @ 0x????????/131072
[   233.051] (II) LoadModule: "glx"
[   233.067] (II) Loading /usr/lib/xorg/modules/extensions/libglx.so
[   233.151] (II) Module glx: vendor="X.Org Foundation"
[   233.151] 	compiled for 1.20.1, module version = 1.0.0
[   233.152] 	ABI class: X.Org Server Extension, version 10.0
[   233.152] (==) Matched vmware as autoconfigured driver 0
[   233.152] (==) Matched modesetting as autoconfigured driver 1
[   233.152] (==) Matched fbdev as autoconfigured driver 2
[   233.152] (==) Matched vesa as autoconfigured driver 3
[   233.152] (==) Assigned the driver to the xf86ConfigLayout
[   233.152] (II) LoadModule: "vmware"
[   233.157] (II) Loading /usr/lib/xorg/modules/drivers/vmware_drv.so
[   233.383] (II) Module vmware: vendor="X.Org Foundation"
[   233.383] 	compiled for 1.20.0, module version = 13.3.0
[   233.384] 	Module class: X.Org Video Driver
[   233.384] 	ABI class: X.Org Video Driver, version 24.0
[   233.384] (II) LoadModule: "modesetting"
[   233.384] (II) Loading /usr/lib/xorg/modules/drivers/modesetting_drv.so
[   233.425] (II) Module modesetting: vendor="X.Org Foundation"
[   233.425] 	compiled for 1.20.1, module version = 1.20.1
[   233.425] 	Module class: X.Org Video Driver
[   233.425] 	ABI class: X.Org Video Driver, version 24.0
[   233.425] (II) LoadModule: "fbdev"
[   233.425] (II) Loading /usr/lib/xorg/modules/drivers/fbdev_drv.so
[   233.434] (II) Module fbdev: vendor="X.Org Foundation"
[   233.434] 	compiled for 1.20.1, module version = 0.5.0
[   233.434] 	Module class: X.Org Video Driver
[   233.434] 	ABI class: X.Org Video Driver, version 24.0
[   233.434] (II) LoadModule: "vesa"
[   233.434] (II) Loading /usr/lib/xorg/modules/drivers/vesa_drv.so
[   233.439] (II) Module vesa: vendor="X.Org Foundation"
[   233.439] 	compiled for 1.20.0, module version = 2.4.0
[   233.439] 	Module class: X.Org Video Driver
[   233.439] 	ABI class: X.Org Video Driver, version 24.0
[   233.439] (II) vmware: driver for VMware SVGA: vmware0405, vmware0710
[   233.439] (II) modesetting: Driver for Modesetting Kernel Drivers: kms
[   233.439] (II) FBDEV: driver for framebuffer: fbdev
[   233.439] (II) VESA: driver for VESA chipsets: vesa
[   233.441] xf86EnableIOPorts: failed to set IOPL for I/O (Operation not permitted)
[   233.441] (WW) Falling back to old probe method for modesetting
[   233.441] (WW) Falling back to old probe method for fbdev
[   233.441] (II) Loading sub module "fbdevhw"
[   233.441] (II) LoadModule: "fbdevhw"
[   233.441] (II) Loading /usr/lib/xorg/modules/libfbdevhw.so
[   233.443] (II) Module fbdevhw: vendor="X.Org Foundation"
[   233.443] 	compiled for 1.20.1, module version = 0.0.2
[   233.443] 	ABI class: X.Org Video Driver, version 24.0
[   233.443] (EE) open /dev/fb0: Permission denied
[   233.443] (WW) VGA arbiter: cannot open kernel arbiter, no multi-card support
[   233.443] (II) vmware(0): Creating default Display subsection in Screen section
	"Default Screen Section" for depth/fbbpp 24/32
[   233.443] (--) vmware(0): DRM driver version is 2.14.1
[   233.443] (==) vmware(0): Depth 24, (--) framebuffer bpp 32
[   233.443] (==) vmware(0): RGB weight 888
[   233.443] (==) vmware(0): Default visual is TrueColor
[   233.443] (--) vmware(0): Min width 1, Max Width 8192.
[   233.443] (--) vmware(0): Min height 1, Max Height 8192.
[   233.443] (II) vmware(0): Output Virtual1 has no monitor section
[   233.443] (II) vmware(0): Output Virtual2 has no monitor section
[   233.443] (II) vmware(0): Output Virtual3 has no monitor section
[   233.443] (II) vmware(0): Output Virtual4 has no monitor section
[   233.443] (II) vmware(0): Output Virtual5 has no monitor section
[   233.444] (II) vmware(0): Output Virtual6 has no monitor section
[   233.445] (II) vmware(0): Output Virtual7 has no monitor section
[   233.445] (II) vmware(0): Output Virtual8 has no monitor section
[   233.445] (II) vmware(0): Printing probed modes for output Virtual1
[   233.446] (II) vmware(0): Modeline "800x600"x60.0   42.75  800 850 900 950  600 650 700 750 -hsync +vsync (45.0 kHz eP)
[   233.446] (II) vmware(0): Modeline "2560x1600"x60.0  348.50  2560 2752 3032 3504  1600 1603 1609 1658 -hsync +vsync (99.5 kHz e)
[   233.446] (II) vmware(0): Modeline "1920x1440"x60.0  234.00  1920 2048 2256 2600  1440 1441 1444 1500 -hsync +vsync (90.0 kHz e)
[   233.446] (II) vmware(0): Modeline "1856x1392"x60.0  218.25  1856 1952 2176 2528  1392 1393 1396 1439 -hsync +vsync (86.3 kHz e)
[   233.446] (II) vmware(0): Modeline "1792x1344"x60.0  204.75  1792 1920 2120 2448  1344 1345 1348 1394 -hsync +vsync (83.6 kHz e)
[   233.446] (II) vmware(0): Modeline "1920x1200"x59.9  193.25  1920 2056 2256 2592  1200 1203 1209 1245 -hsync +vsync (74.6 kHz e)
[   233.446] (II) vmware(0): Modeline "1600x1200"x60.0  162.00  1600 1664 1856 2160  1200 1201 1204 1250 +hsync +vsync (75.0 kHz e)
[   233.446] (II) vmware(0): Modeline "1680x1050"x60.0  146.25  1680 1784 1960 2240  1050 1053 1059 1089 -hsync +vsync (65.3 kHz e)
[   233.446] (II) vmware(0): Modeline "1400x1050"x60.0  121.75  1400 1488 1632 1864  1050 1053 1057 1089 -hsync +vsync (65.3 kHz e)
[   233.446] (II) vmware(0): Modeline "1280x1024"x60.0  108.00  1280 1328 1440 1688  1024 1025 1028 1066 +hsync +vsync (64.0 kHz e)
[   233.446] (II) vmware(0): Modeline "1440x900"x59.9  106.50  1440 1520 1672 1904  900 903 909 934 -hsync +vsync (55.9 kHz e)
[   233.446] (II) vmware(0): Modeline "1280x960"x60.0  108.00  1280 1376 1488 1800  960 961 964 1000 +hsync +vsync (60.0 kHz e)
[   233.446] (II) vmware(0): Modeline "1360x768"x60.0   85.50  1360 1424 1536 1792  768 771 777 795 +hsync +vsync (47.7 kHz e)
[   233.446] (II) vmware(0): Modeline "1280x800"x59.8   83.50  1280 1352 1480 1680  800 803 809 831 +hsync -vsync (49.7 kHz e)
[   233.446] (II) vmware(0): Modeline "1152x864"x75.0  108.00  1152 1216 1344 1600  864 865 868 900 +hsync +vsync (67.5 kHz e)
[   233.446] (II) vmware(0): Modeline "1280x768"x59.9   79.50  1280 1344 1472 1664  768 771 778 798 -hsync +vsync (47.8 kHz e)
[   233.446] (II) vmware(0): Modeline "1024x768"x60.0   65.00  1024 1048 1184 1344  768 771 777 806 -hsync -vsync (48.4 kHz e)
[   233.446] (II) vmware(0): Modeline "800x600"x60.3   40.00  800 840 968 1056  600 601 605 628 +hsync +vsync (37.9 kHz e)
[   233.446] (II) vmware(0): Modeline "640x480"x59.9   25.18  640 656 752 800  480 489 492 525 -hsync -vsync (31.5 kHz e)
[   233.447] (II) vmware(0): EDID for output Virtual2
[   233.447] (II) vmware(0): EDID for output Virtual3
[   233.447] (II) vmware(0): EDID for output Virtual4
[   233.447] (II) vmware(0): EDID for output Virtual5
[   233.447] (II) vmware(0): EDID for output Virtual6
[   233.447] (II) vmware(0): EDID for output Virtual7
[   233.447] (II) vmware(0): EDID for output Virtual8
[   233.447] (II) vmware(0): Output Virtual1 connected
[   233.447] (II) vmware(0): Output Virtual2 disconnected
[   233.447] (II) vmware(0): Output Virtual3 disconnected
[   233.447] (II) vmware(0): Output Virtual4 disconnected
[   233.448] (II) vmware(0): Output Virtual5 disconnected
[   233.448] (II) vmware(0): Output Virtual6 disconnected
[   233.448] (II) vmware(0): Output Virtual7 disconnected
[   233.448] (II) vmware(0): Output Virtual8 disconnected
[   233.448] (II) vmware(0): Using exact sizes for initial modes
[   233.448] (II) vmware(0): Output Virtual1 using initial mode 800x600 +0+0
[   233.448] (==) vmware(0): DPI set to (96, 96)
[   233.448] (==) vmware(0): Using gamma correction (1.0, 1.0, 1.0)
[   233.448] (II) Loading sub module "fb"
[   233.448] (II) LoadModule: "fb"
[   233.448] (II) Loading /usr/lib/xorg/modules/libfb.so
[   233.464] (II) Module fb: vendor="X.Org Foundation"
[   233.464] 	compiled for 1.20.1, module version = 1.0.0
[   233.464] 	ABI class: X.Org ANSI C Emulation, version 0.4
[   233.464] (II) Loading sub module "dri2"
[   233.464] (II) LoadModule: "dri2"
[   233.464] (II) Module "dri2" already built-in
[   233.464] (II) Loading sub module "dri3"
[   233.464] (II) LoadModule: "dri3"
[   233.464] (II) Module "dri3" already built-in
[   233.464] (II) UnloadModule: "modesetting"
[   233.464] (II) Unloading modesetting
[   233.464] (II) UnloadModule: "fbdev"
[   233.464] (II) Unloading fbdev
[   233.464] (II) UnloadSubModule: "fbdevhw"
[   233.464] (II) Unloading fbdevhw
[   233.464] (II) UnloadModule: "vesa"
[   233.464] (II) Unloading vesa
[   233.474] (II) vmware(0): Initialized VMWARE_CTRL extension version 0.2
[   233.518] (II) vmware(0): Gallium3D XA version: 2.4.0.
[   233.518] (II) vmware(0): Path of drm device is "/dev/dri/card0".
[   233.519] (II) vmware(0): [DRI2] Setup complete
[   233.519] (II) vmware(0): [DRI2]   DRI driver: vmwgfx
[   233.519] (EE) vmware(0): Failed to initialize direct rendering DRI3.
[   233.520] (--) vmware(0): Render acceleration is enabled.
[   233.520] (==) vmware(0): Rendercheck mode is disabled.
[   233.520] (--) vmware(0): Direct rendering (DRI2 3D) is enabled.
[   233.520] (--) vmware(0): Direct rendering (DRI3 3D) is disabled.
[   233.521] (==) vmware(0): Direct presents are disabled.
[   233.521] (==) vmware(0): Hardware only presents are disabled.
[   233.521] (==) vmware(0): Backing store enabled
[   233.521] (==) vmware(0): Silken mouse enabled
[   233.529] (==) vmware(0): DPMS enabled
[   233.529] (II) Initializing extension Generic Event Extension
[   233.530] (II) Initializing extension SHAPE
[   233.531] (II) Initializing extension MIT-SHM
[   233.531] (II) Initializing extension XInputExtension
[   233.533] (II) Initializing extension XTEST
[   233.534] (II) Initializing extension BIG-REQUESTS
[   233.534] (II) Initializing extension SYNC
[   233.535] (II) Initializing extension XKEYBOARD
[   233.536] (II) Initializing extension XC-MISC
[   233.536] (II) Initializing extension SECURITY
[   233.537] (II) Initializing extension XFIXES
[   233.538] (II) Initializing extension RENDER
[   233.538] (II) Initializing extension RANDR
[   233.539] (II) Initializing extension COMPOSITE
[   233.540] (II) Initializing extension DAMAGE
[   233.541] (II) Initializing extension MIT-SCREEN-SAVER
[   233.541] (II) Initializing extension DOUBLE-BUFFER
[   233.542] (II) Initializing extension RECORD
[   233.542] (II) Initializing extension DPMS
[   233.543] (II) Initializing extension Present
[   233.544] (II) Initializing extension DRI3
[   233.544] (II) Initializing extension X-Resource
[   233.545] (II) Initializing extension XVideo
[   233.545] (II) Initializing extension XVideo-MotionCompensation
[   233.545] (II) Initializing extension SELinux
[   233.546] (II) SELinux: Disabled on system
[   233.546] (II) Initializing extension GLX
[   233.560] (II) AIGLX: Loaded and initialized vmwgfx
[   233.560] (II) GLX: Initialized DRI2 GL provider for screen 0
[   233.560] (II) Initializing extension XFree86-VidModeExtension
[   233.561] (II) Initializing extension XFree86-DGA
[   233.562] (II) Initializing extension XFree86-DRI
[   233.562] (II) Initializing extension DRI2
[   233.568] (II) vmware(0): Setting screen physical size to 211 x 158
[   233.688] (II) config/udev: Adding input device Power Button (/dev/input/event0)
[   233.688] (**) Power Button: Applying InputClass "libinput keyboard catchall"
[   233.688] (II) LoadModule: "libinput"
[   233.689] (II) Loading /usr/lib/xorg/modules/input/libinput_drv.so
[   233.701] (II) Module libinput: vendor="X.Org Foundation"
[   233.701] 	compiled for 1.20.1, module version = 0.28.1
[   233.702] 	Module class: X.Org XInput Driver
[   233.702] 	ABI class: X.Org XInput driver, version 24.1
[   233.702] (II) Using input driver 'libinput' for 'Power Button'
[   233.722] (II) systemd-logind: got fd for /dev/input/event0 13:64 fd 24 paused 0
[   233.723] (**) Power Button: always reports core events
[   233.723] (**) Option "Device" "/dev/input/event0"
[   233.724] (**) Option "_source" "server/udev"
[   233.742] (II) event0  - Power Button: is tagged by udev as: Keyboard
[   233.742] (II) event0  - Power Button: device is a keyboard
[   233.743] (II) event0  - Power Button: device removed
[   233.743] (**) Option "config_info" "udev:/sys/devices/LNXSYSTM:00/LNXPWRBN:00/input/input0/event0"
[   233.743] (II) XINPUT: Adding extended input device "Power Button" (type: KEYBOARD, id 6)
[   233.744] (**) Option "xkb_model" "pc105"
[   233.745] (**) Option "xkb_layout" "us"
[   233.760] (II) event0  - Power Button: is tagged by udev as: Keyboard
[   233.760] (II) event0  - Power Button: device is a keyboard
[   233.761] (II) config/udev: Adding input device Sleep Button (/dev/input/event1)
[   233.762] (**) Sleep Button: Applying InputClass "libinput keyboard catchall"
[   233.762] (II) Using input driver 'libinput' for 'Sleep Button'
[   233.766] (II) systemd-logind: got fd for /dev/input/event1 13:65 fd 27 paused 0
[   233.766] (**) Sleep Button: always reports core events
[   233.766] (**) Option "Device" "/dev/input/event1"
[   233.766] (**) Option "_source" "server/udev"
[   233.776] (II) event1  - Sleep Button: is tagged by udev as: Keyboard
[   233.776] (II) event1  - Sleep Button: device is a keyboard
[   233.777] (II) event1  - Sleep Button: device removed
[   233.777] (**) Option "config_info" "udev:/sys/devices/LNXSYSTM:00/LNXSLPBN:00/input/input1/event1"
[   233.777] (II) XINPUT: Adding extended input device "Sleep Button" (type: KEYBOARD, id 7)
[   233.777] (**) Option "xkb_model" "pc105"
[   233.778] (**) Option "xkb_layout" "us"
[   233.790] (II) event1  - Sleep Button: is tagged by udev as: Keyboard
[   233.790] (II) event1  - Sleep Button: device is a keyboard
[   233.794] (II) config/udev: Adding input device Video Bus (/dev/input/event5)
[   233.794] (**) Video Bus: Applying InputClass "libinput keyboard catchall"
[   233.794] (II) Using input driver 'libinput' for 'Video Bus'
[   233.797] (II) systemd-logind: got fd for /dev/input/event5 13:69 fd 28 paused 0
[   233.797] (**) Video Bus: always reports core events
[   233.798] (**) Option "Device" "/dev/input/event5"
[   233.798] (**) Option "_source" "server/udev"
[   233.809] (II) event5  - Video Bus: is tagged by udev as: Keyboard
[   233.810] (II) event5  - Video Bus: device is a keyboard
[   233.810] (II) event5  - Video Bus: device removed
[   233.810] (**) Option "config_info" "udev:/sys/devices/LNXSYSTM:00/LNXSYBUS:00/PNP0A03:00/LNXVIDEO:00/input/input6/event5"
[   233.811] (II) XINPUT: Adding extended input device "Video Bus" (type: KEYBOARD, id 8)
[   233.811] (**) Option "xkb_model" "pc105"
[   233.811] (**) Option "xkb_layout" "us"
[   233.826] (II) event5  - Video Bus: is tagged by udev as: Keyboard
[   233.826] (II) event5  - Video Bus: device is a keyboard
[   233.832] (II) config/udev: Adding input device VirtualBox mouse integration (/dev/input/event6)
[   233.832] (**) VirtualBox mouse integration: Applying InputClass "libinput pointer catchall"
[   233.832] (II) Using input driver 'libinput' for 'VirtualBox mouse integration'
[   233.835] (II) systemd-logind: got fd for /dev/input/event6 13:70 fd 29 paused 0
[   233.835] (**) VirtualBox mouse integration: always reports core events
[   233.836] (**) Option "Device" "/dev/input/event6"
[   233.838] (**) Option "_source" "server/udev"
[   233.847] (II) event6  - VirtualBox mouse integration: is tagged by udev as: Mouse
[   233.850] (II) event6  - VirtualBox mouse integration: device is a pointer
[   233.851] (II) event6  - VirtualBox mouse integration: device removed
[   233.854] (**) Option "config_info" "udev:/sys/devices/pci0000:00/0000:00:04.0/input/input7/event6"
[   233.855] (II) XINPUT: Adding extended input device "VirtualBox mouse integration" (type: MOUSE, id 9)
[   233.855] (**) Option "AccelerationScheme" "none"
[   233.856] (**) VirtualBox mouse integration: (accel) selected scheme none/0
[   233.856] (**) VirtualBox mouse integration: (accel) acceleration factor: 2.000
[   233.856] (**) VirtualBox mouse integration: (accel) acceleration threshold: 4
[   233.862] (II) event6  - VirtualBox mouse integration: is tagged by udev as: Mouse
[   233.865] (II) event6  - VirtualBox mouse integration: device is a pointer
[   233.869] (II) config/udev: Adding input device VirtualBox mouse integration (/dev/input/js1)
[   233.870] (II) No input driver specified, ignoring this device.
[   233.871] (II) This device may have been added with another device file.
[   233.878] (II) config/udev: Adding input device VirtualBox USB Tablet (/dev/input/event4)
[   233.878] (**) VirtualBox USB Tablet: Applying InputClass "libinput pointer catchall"
[   233.878] (II) Using input driver 'libinput' for 'VirtualBox USB Tablet'
[   233.946] (II) systemd-logind: got fd for /dev/input/event4 13:68 fd 30 paused 0
[   233.946] (**) VirtualBox USB Tablet: always reports core events
[   233.946] (**) Option "Device" "/dev/input/event4"
[   233.946] (**) Option "_source" "server/udev"
[   233.958] (II) event4  - VirtualBox USB Tablet: is tagged by udev as: Mouse
[   233.960] (II) event4  - VirtualBox USB Tablet: device is a pointer
[   233.961] (II) event4  - VirtualBox USB Tablet: device removed
[   233.961] (**) Option "config_info" "udev:/sys/devices/pci0000:00/0000:00:06.0/usb1/1-1/1-1:1.0/0003:80EE:0021.0001/input/input5/event4"
[   233.961] (II) XINPUT: Adding extended input device "VirtualBox USB Tablet" (type: MOUSE, id 10)
[   233.963] (**) Option "AccelerationScheme" "none"
[   233.964] (**) VirtualBox USB Tablet: (accel) selected scheme none/0
[   233.964] (**) VirtualBox USB Tablet: (accel) acceleration factor: 2.000
[   233.965] (**) VirtualBox USB Tablet: (accel) acceleration threshold: 4
[   233.983] (II) event4  - VirtualBox USB Tablet: is tagged by udev as: Mouse
[   233.986] (II) event4  - VirtualBox USB Tablet: device is a pointer
[   233.993] (II) config/udev: Adding input device VirtualBox USB Tablet (/dev/input/js0)
[   233.993] (II) No input driver specified, ignoring this device.
[   233.993] (II) This device may have been added with another device file.
[   233.996] (II) config/udev: Adding input device VirtualBox USB Tablet (/dev/input/mouse1)
[   233.996] (II) No input driver specified, ignoring this device.
[   233.996] (II) This device may have been added with another device file.
[   234.000] (II) config/udev: Adding input device AT Translated Set 2 keyboard (/dev/input/event2)
[   234.000] (**) AT Translated Set 2 keyboard: Applying InputClass "libinput keyboard catchall"
[   234.000] (II) Using input driver 'libinput' for 'AT Translated Set 2 keyboard'
[   234.004] (II) systemd-logind: got fd for /dev/input/event2 13:66 fd 31 paused 0
[   234.004] (**) AT Translated Set 2 keyboard: always reports core events
[   234.004] (**) Option "Device" "/dev/input/event2"
[   234.004] (**) Option "_source" "server/udev"
[   234.016] (II) event2  - AT Translated Set 2 keyboard: is tagged by udev as: Keyboard
[   234.016] (II) event2  - AT Translated Set 2 keyboard: device is a keyboard
[   234.019] (II) event2  - AT Translated Set 2 keyboard: device removed
[   234.019] (**) Option "config_info" "udev:/sys/devices/platform/i8042/serio0/input/input2/event2"
[   234.021] (II) XINPUT: Adding extended input device "AT Translated Set 2 keyboard" (type: KEYBOARD, id 11)
[   234.023] (**) Option "xkb_model" "pc105"
[   234.023] (**) Option "xkb_layout" "us"
[   234.036] (II) event2  - AT Translated Set 2 keyboard: is tagged by udev as: Keyboard
[   234.036] (II) event2  - AT Translated Set 2 keyboard: device is a keyboard
[   234.039] (II) config/udev: Adding input device ImExPS/2 Generic Explorer Mouse (/dev/input/event3)
[   234.040] (**) ImExPS/2 Generic Explorer Mouse: Applying InputClass "libinput pointer catchall"
[   234.040] (II) Using input driver 'libinput' for 'ImExPS/2 Generic Explorer Mouse'
[   234.043] (II) systemd-logind: got fd for /dev/input/event3 13:67 fd 32 paused 0
[   234.044] (**) ImExPS/2 Generic Explorer Mouse: always reports core events
[   234.044] (**) Option "Device" "/dev/input/event3"
[   234.044] (**) Option "_source" "server/udev"
[   234.055] (II) event3  - ImExPS/2 Generic Explorer Mouse: is tagged by udev as: Mouse
[   234.055] (II) event3  - ImExPS/2 Generic Explorer Mouse: device is a pointer
[   234.058] (II) event3  - ImExPS/2 Generic Explorer Mouse: device removed
[   234.060] (**) Option "config_info" "udev:/sys/devices/platform/i8042/serio1/input/input4/event3"
[   234.061] (II) XINPUT: Adding extended input device "ImExPS/2 Generic Explorer Mouse" (type: MOUSE, id 12)
[   234.061] (**) Option "AccelerationScheme" "none"
[   234.062] (**) ImExPS/2 Generic Explorer Mouse: (accel) selected scheme none/0
[   234.062] (**) ImExPS/2 Generic Explorer Mouse: (accel) acceleration factor: 2.000
[   234.062] (**) ImExPS/2 Generic Explorer Mouse: (accel) acceleration threshold: 4
[   234.071] (II) event3  - ImExPS/2 Generic Explorer Mouse: is tagged by udev as: Mouse
[   234.075] (II) event3  - ImExPS/2 Generic Explorer Mouse: device is a pointer
[   234.076] (II) config/udev: Adding input device ImExPS/2 Generic Explorer Mouse (/dev/input/mouse0)
[   234.077] (II) No input driver specified, ignoring this device.
[   234.077] (II) This device may have been added with another device file.
[   240.722] (EE) No surface to present from.
